
> synchro-erp@3.0.0 build
> next build

  ▲ Next.js 14.2.35
  - Environments: .env.local, .env
  - Experiments (use with caution):
    · outputFileTracingRoot

   Creating an optimized production build ...
Failed to compile.

./app/globals.css.webpack[javascript/auto]!=!./node_modules/next/dist/build/webpack/loaders/css-loader/src/index.js??ruleSet[1].rules[14].oneOf[12].use[2]!./node_modules/next/dist/build/webpack/loaders/postcss-loader/src/index.js??ruleSet[1].rules[14].oneOf[12].use[3]!./app/globals.css
Error: It looks like you're trying to use `tailwindcss` directly as a PostCSS plugin. The PostCSS plugin has moved to a separate package, so to continue using Tailwind CSS with PostCSS you'll need to install `@tailwindcss/postcss` and update your PostCSS configuration.
    at ft (/home/nathanael/cooperative-agricole/node_modules/tailwindcss/dist/lib.js:38:1643)
    at LazyResult.runOnRoot (/home/nathanael/cooperative-agricole/node_modules/next/node_modules/postcss/lib/lazy-result.js:329:16)
    at LazyResult.runAsync (/home/nathanael/cooperative-agricole/node_modules/next/node_modules/postcss/lib/lazy-result.js:258:26)
    at LazyResult.async (/home/nathanael/cooperative-agricole/node_modules/next/node_modules/postcss/lib/lazy-result.js:160:30)
    at LazyResult.then (/home/nathanael/cooperative-agricole/node_modules/next/node_modules/postcss/lib/lazy-result.js:404:17)

Import trace for requested module:
./app/globals.css.webpack[javascript/auto]!=!./node_modules/next/dist/build/webpack/loaders/css-loader/src/index.js??ruleSet[1].rules[14].oneOf[12].use[2]!./node_modules/next/dist/build/webpack/loaders/postcss-loader/src/index.js??ruleSet[1].rules[14].oneOf[12].use[3]!./app/globals.css
./app/globals.css

./app/globals.css
Error: It looks like you're trying to use `tailwindcss` directly as a PostCSS plugin. The PostCSS plugin has moved to a separate package, so to continue using Tailwind CSS with PostCSS you'll need to install `@tailwindcss/postcss` and update your PostCSS configuration.
    at ft (/home/nathanael/cooperative-agricole/node_modules/tailwindcss/dist/lib.js:38:1643)
    at LazyResult.runOnRoot (/home/nathanael/cooperative-agricole/node_modules/next/node_modules/postcss/lib/lazy-result.js:329:16)
    at LazyResult.runAsync (/home/nathanael/cooperative-agricole/node_modules/next/node_modules/postcss/lib/lazy-result.js:258:26)
    at LazyResult.async (/home/nathanael/cooperative-agricole/node_modules/next/node_modules/postcss/lib/lazy-result.js:160:30)
    at LazyResult.then (/home/nathanael/cooperative-agricole/node_modules/next/node_modules/postcss/lib/lazy-result.js:404:17)
    at tryRunOrWebpackError (/home/nathanael/cooperative-agricole/node_modules/next/dist/compiled/webpack/bundle5.js:28:312989)
    at __webpack_require_module__ (/home/nathanael/cooperative-agricole/node_modules/next/dist/compiled/webpack/bundle5.js:28:131165)
    at __nested_webpack_require_153728__ (/home/nathanael/cooperative-agricole/node_modules/next/dist/compiled/webpack/bundle5.js:28:130607)
    at /home/nathanael/cooperative-agricole/node_modules/next/dist/compiled/webpack/bundle5.js:28:131454
    at symbolIterator (/home/nathanael/cooperative-agricole/node_modules/next/dist/compiled/neo-async/async.js:1:14444)
    at done (/home/nathanael/cooperative-agricole/node_modules/next/dist/compiled/neo-async/async.js:1:14824)
    at Hook.eval [as callAsync] (eval at create (/home/nathanael/cooperative-agricole/node_modules/next/dist/compiled/webpack/bundle5.js:13:28858), <anonymous>:15:1)
    at Hook.CALL_ASYNC_DELEGATE [as _callAsync] (/home/nathanael/cooperative-agricole/node_modules/next/dist/compiled/webpack/bundle5.js:13:26012)
    at /home/nathanael/cooperative-agricole/node_modules/next/dist/compiled/webpack/bundle5.js:28:130328
    at symbolIterator (/home/nathanael/cooperative-agricole/node_modules/next/dist/compiled/neo-async/async.js:1:14402)
-- inner error --
Error: It looks like you're trying to use `tailwindcss` directly as a PostCSS plugin. The PostCSS plugin has moved to a separate package, so to continue using Tailwind CSS with PostCSS you'll need to install `@tailwindcss/postcss` and update your PostCSS configuration.
    at ft (/home/nathanael/cooperative-agricole/node_modules/tailwindcss/dist/lib.js:38:1643)
    at LazyResult.runOnRoot (/home/nathanael/cooperative-agricole/node_modules/next/node_modules/postcss/lib/lazy-result.js:329:16)
    at LazyResult.runAsync (/home/nathanael/cooperative-agricole/node_modules/next/node_modules/postcss/lib/lazy-result.js:258:26)
    at LazyResult.async (/home/nathanael/cooperative-agricole/node_modules/next/node_modules/postcss/lib/lazy-result.js:160:30)
    at LazyResult.then (/home/nathanael/cooperative-agricole/node_modules/next/node_modules/postcss/lib/lazy-result.js:404:17)
    at Object.<anonymous> (/home/nathanael/cooperative-agricole/node_modules/next/dist/build/webpack/loaders/css-loader/src/index.js??ruleSet[1].rules[14].oneOf[12].use[2]!/home/nathanael/cooperative-agricole/node_modules/next/dist/build/webpack/loaders/postcss-loader/src/index.js??ruleSet[1].rules[14].oneOf[12].use[3]!/home/nathanael/cooperative-agricole/app/globals.css:1:7)
    at /home/nathanael/cooperative-agricole/node_modules/next/dist/compiled/webpack/bundle5.js:28:922493
    at Hook.eval [as call] (eval at create (/home/nathanael/cooperative-agricole/node_modules/next/dist/compiled/webpack/bundle5.js:13:28636), <anonymous>:7:1)
    at Hook.CALL_DELEGATE [as _call] (/home/nathanael/cooperative-agricole/node_modules/next/dist/compiled/webpack/bundle5.js:13:25906)
    at /home/nathanael/cooperative-agricole/node_modules/next/dist/compiled/webpack/bundle5.js:28:131198
    at tryRunOrWebpackError (/home/nathanael/cooperative-agricole/node_modules/next/dist/compiled/webpack/bundle5.js:28:312943)
    at __webpack_require_module__ (/home/nathanael/cooperative-agricole/node_modules/next/dist/compiled/webpack/bundle5.js:28:131165)
    at __nested_webpack_require_153728__ (/home/nathanael/cooperative-agricole/node_modules/next/dist/compiled/webpack/bundle5.js:28:130607)
    at /home/nathanael/cooperative-agricole/node_modules/next/dist/compiled/webpack/bundle5.js:28:131454
    at symbolIterator (/home/nathanael/cooperative-agricole/node_modules/next/dist/compiled/neo-async/async.js:1:14444)

Generated code for /home/nathanael/cooperative-agricole/node_modules/next/dist/build/webpack/loaders/css-loader/src/index.js??ruleSet[1].rules[14].oneOf[12].use[2]!/home/nathanael/cooperative-agricole/node_modules/next/dist/build/webpack/loaders/postcss-loader/src/index.js??ruleSet[1].rules[14].oneOf[12].use[3]!/home/nathanael/cooperative-agricole/app/globals.css

Import trace for requested module:
./app/globals.css


> Build failed because of webpack errors
